<?xml version="1.0" encoding="UTF-8"?>
<!-- Generated by org.testng.reporters.JUnitReportReporter -->
<testsuite hostname="DESKTOP-SBLFK3K" failures="0" tests="1" name="selenium_123.chrome_browser" time="8.373" errors="0" timestamp="2024-01-31T14:00:44 IST" skipped="0">
  <testcase classname="selenium_123.chrome_browser" name="run" time="8.373"/>
</testsuite> <!-- selenium_123.chrome_browser -->
